<?xml version="1.0" encoding="UTF-8"?>
<testsuite name="org.ktb.chatbotbe.domain.password.PasswordServiceTest" tests="1" skipped="0" failures="0" errors="0" timestamp="2024-07-23T02:37:29" hostname="gangchanglyong-ui-MacBookPro.local" time="0.027">
  <properties/>
  <testcase name="testInitPassword()" classname="org.ktb.chatbotbe.domain.password.PasswordServiceTest" time="0.027"/>
  <system-out><![CDATA[testPassword
]]></system-out>
  <system-err><![CDATA[]]></system-err>
</testsuite>
