<?xml version="1.0" encoding="UTF-8"?>
<testsuite name="org.ktb.chatbotbe.CorrectFixedPasswordGeneratorTest" tests="1" skipped="0" failures="0" errors="0" timestamp="2024-07-23T02:37:13" hostname="gangchanglyong-ui-MacBookPro.local" time="0.03">
  <properties/>
  <testcase name="testGeneratePassword()" classname="org.ktb.chatbotbe.CorrectFixedPasswordGeneratorTest" time="0.03"/>
  <system-out><![CDATA[]]></system-out>
  <system-err><![CDATA[]]></system-err>
</testsuite>
