<?xml version="1.0" encoding="UTF-8"?>
<testsuite name="org.ktb.chatbotbe.PasswordValidatorTest" tests="4" skipped="0" failures="0" errors="0" timestamp="2024-07-23T02:37:24" hostname="gangchanglyong-ui-MacBookPro.local" time="0.104">
  <properties/>
  <testcase name="비밀번호가 8자 미만 또는 12자를 초과하는 경우 IllegalArgumentException 예외가 발생한다." classname="org.ktb.chatbotbe.PasswordValidatorTest" time="0.008"/>
  <testcase name="[1] password=1234567" classname="org.ktb.chatbotbe.PasswordValidatorTest" time="0.015"/>
  <testcase name="[2] password=1234567890123" classname="org.ktb.chatbotbe.PasswordValidatorTest" time="0.003"/>
  <testcase name="비밀번호가 최소 8자 이상, 12자 이하이면 예외가 발생하지 않는다." classname="org.ktb.chatbotbe.PasswordValidatorTest" time="0.001"/>
  <system-out><![CDATA[]]></system-out>
  <system-err><![CDATA[]]></system-err>
</testsuite>
