<?xml version="1.0" encoding="UTF-8"?>
<testsuite name="org.ktb.chatbotbe.WrongFixedPasswordGeneratorTest" tests="1" skipped="0" failures="0" errors="0" timestamp="2024-07-24T07:15:25" hostname="gangchanglyong-ui-MacBookPro.local" time="0.002">
  <properties/>
  <testcase name="testGeneratePassword()" classname="org.ktb.chatbotbe.WrongFixedPasswordGeneratorTest" time="0.002"/>
  <system-out><![CDATA[]]></system-out>
  <system-err><![CDATA[]]></system-err>
</testsuite>
